nohup: ignoring input

CondaError: Run 'conda init' before 'conda activate'

Waf: Entering directory `/home/huangrui/intcc/Poseidon/simulation/build'
Waf: Leaving directory `/home/huangrui/intcc/Poseidon/simulation/build'
'build' finished successfully (0.414s)

Modules built:
antenna                   aodv                      applications             
bridge                    buildings                 config-store             
core                      csma                      csma-layout              
dsdv                      dsr                       emu                      
energy                    flow-monitor              internet                 
lte                       mesh                      mobility                 
mpi                       netanim (no Python)       network                  
nix-vector-routing        olsr                      point-to-point           
point-to-point-layout     propagation               spectrum                 
stats                     tap-bridge                test (no Python)         
tools                     topology-read             uan                      
virtual-net-device        wifi                      wimax                    

Modules not built (see ns-3 tutorial for explanation):
click                     openflow                  visualizer               

[0;31m[2025-07-23 15:05:18] [INFO] Total tasks to run: 0 with max concurrency of 36[0m
[0;32m[2025-07-23 15:05:18] [info] [Experiment 0]   (trace_twoflow 1 4) Topo:(topo_cross_dc_100G 100) CC:(poseidon 0.01 rtt) Config:(has_win:0)[0m
[0;32m[2025-07-23 15:05:18] [info]    -> [DATA PATH] ./results/data/{trace_twoflow}_{topo_cross_dc_100G}_{100G}_{poseidon}_{rtt}_{m=0.01}_{win=0}_{brownfield}.txt[0m
Waf: Entering directory `/home/huangrui/intcc/Poseidon/simulation/build'
Waf: Leaving directory `/home/huangrui/intcc/Poseidon/simulation/build'
'build' finished successfully (0.418s)
[0;32m[2025-07-23 15:05:19] [info] [Experiment 1]   (trace_twoflow 1 4) Topo:(topo_cross_dc_100G 100) CC:(poseidon 0.01 rtt) Config:(has_win:1)[0m
[0;32m[2025-07-23 15:05:19] [info]    -> [DATA PATH] ./results/data/{trace_twoflow}_{topo_cross_dc_100G}_{100G}_{poseidon}_{rtt}_{m=0.01}_{win=1}_{brownfield}.txt[0m
Waf: Entering directory `/home/huangrui/intcc/Poseidon/simulation/build'
Waf: Leaving directory `/home/huangrui/intcc/Poseidon/simulation/build'
'build' finished successfully (0.538s)
[0;32m[2025-07-23 15:05:20] [info] [Experiment 2]   (trace_twoflow 1 4) Topo:(topo_cross_dc_100G 100) CC:(poseidon 0.025 rtt) Config:(has_win:0)[0m
[0;32m[2025-07-23 15:05:20] [info]    -> [DATA PATH] ./results/data/{trace_twoflow}_{topo_cross_dc_100G}_{100G}_{poseidon}_{rtt}_{m=0.025}_{win=0}_{brownfield}.txt[0m
Waf: Entering directory `/home/huangrui/intcc/Poseidon/simulation/build'
Waf: Leaving directory `/home/huangrui/intcc/Poseidon/simulation/build'
'build' finished successfully (0.746s)
[0;32m[2025-07-23 15:05:21] [info] [Experiment 3]   (trace_twoflow 1 4) Topo:(topo_cross_dc_100G 100) CC:(poseidon 0.025 rtt) Config:(has_win:1)[0m
[0;32m[2025-07-23 15:05:21] [info]    -> [DATA PATH] ./results/data/{trace_twoflow}_{topo_cross_dc_100G}_{100G}_{poseidon}_{rtt}_{m=0.025}_{win=1}_{brownfield}.txt[0m
Waf: Entering directory `/home/huangrui/intcc/Poseidon/simulation/build'
Waf: Leaving directory `/home/huangrui/intcc/Poseidon/simulation/build'
'build' finished successfully (0.749s)
[0;32m[2025-07-23 15:05:22] [info] [Experiment 4]   (trace_twoflow 1 4) Topo:(topo_cross_dc_100G 100) CC:(poseidon 0.05 rtt) Config:(has_win:0)[0m
[0;32m[2025-07-23 15:05:22] [info]    -> [DATA PATH] ./results/data/{trace_twoflow}_{topo_cross_dc_100G}_{100G}_{poseidon}_{rtt}_{m=0.05}_{win=0}_{brownfield}.txt[0m
Waf: Entering directory `/home/huangrui/intcc/Poseidon/simulation/build'
Waf: Leaving directory `/home/huangrui/intcc/Poseidon/simulation/build'
'build' finished successfully (0.756s)
[0;32m[2025-07-23 15:05:23] [info] [Experiment 5]   (trace_twoflow 1 4) Topo:(topo_cross_dc_100G 100) CC:(poseidon 0.05 rtt) Config:(has_win:1)[0m
[0;32m[2025-07-23 15:05:23] [info]    -> [DATA PATH] ./results/data/{trace_twoflow}_{topo_cross_dc_100G}_{100G}_{poseidon}_{rtt}_{m=0.05}_{win=1}_{brownfield}.txt[0m
Waf: Entering directory `/home/huangrui/intcc/Poseidon/simulation/build'
Waf: Leaving directory `/home/huangrui/intcc/Poseidon/simulation/build'
'build' finished successfully (0.759s)
[0;32m[2025-07-23 15:05:24] [info] [Experiment 6]   (trace_twoflow 1 4) Topo:(topo_cross_dc_100G 100) CC:(poseidon 0.1 rtt) Config:(has_win:0)[0m
[0;32m[2025-07-23 15:05:24] [info]    -> [DATA PATH] ./results/data/{trace_twoflow}_{topo_cross_dc_100G}_{100G}_{poseidon}_{rtt}_{m=0.1}_{win=0}_{brownfield}.txt[0m
Waf: Entering directory `/home/huangrui/intcc/Poseidon/simulation/build'
Waf: Leaving directory `/home/huangrui/intcc/Poseidon/simulation/build'
'build' finished successfully (0.763s)
[0;32m[2025-07-23 15:05:25] [info] [Experiment 7]   (trace_twoflow 1 4) Topo:(topo_cross_dc_100G 100) CC:(poseidon 0.1 rtt) Config:(has_win:1)[0m
[0;32m[2025-07-23 15:05:25] [info]    -> [DATA PATH] ./results/data/{trace_twoflow}_{topo_cross_dc_100G}_{100G}_{poseidon}_{rtt}_{m=0.1}_{win=1}_{brownfield}.txt[0m
Waf: Entering directory `/home/huangrui/intcc/Poseidon/simulation/build'
Waf: Leaving directory `/home/huangrui/intcc/Poseidon/simulation/build'
'build' finished successfully (0.756s)
[0;32m[2025-07-23 15:05:26] [info] [Experiment 8]   (trace_twoflow 1 4) Topo:(topo_cross_dc_100G 100) CC:(poseidon 0.25 rtt) Config:(has_win:0)[0m
[0;32m[2025-07-23 15:05:26] [info]    -> [DATA PATH] ./results/data/{trace_twoflow}_{topo_cross_dc_100G}_{100G}_{poseidon}_{rtt}_{m=0.25}_{win=0}_{brownfield}.txt[0m
Waf: Entering directory `/home/huangrui/intcc/Poseidon/simulation/build'
Waf: Leaving directory `/home/huangrui/intcc/Poseidon/simulation/build'
'build' finished successfully (0.756s)
[0;32m[2025-07-23 15:05:27] [info] [Experiment 9]   (trace_twoflow 1 4) Topo:(topo_cross_dc_100G 100) CC:(poseidon 0.25 rtt) Config:(has_win:1)[0m
[0;32m[2025-07-23 15:05:27] [info]    -> [DATA PATH] ./results/data/{trace_twoflow}_{topo_cross_dc_100G}_{100G}_{poseidon}_{rtt}_{m=0.25}_{win=1}_{brownfield}.txt[0m
Waf: Entering directory `/home/huangrui/intcc/Poseidon/simulation/build'
Waf: Leaving directory `/home/huangrui/intcc/Poseidon/simulation/build'
'build' finished successfully (0.753s)
